# JRE version: OpenJDK Runtime Environment GraalVM CE 21.0.2+13.1 (21.0.2+13) (build 21.0.2+13-jvmci-23.1-b30)
# Java VM: OpenJDK 64-Bit Server VM GraalVM CE 21.0.2+13.1 (21.0.2+13-jvmci-23.1-b30, mixed mode, tiered, jvmci, jvmci compiler, compressed oops, compressed class ptrs, parallel gc, linux-amd64)
GC Precious Log:
 CardTable entry size: 512
 CPUs: 8 total, 8 available
 Memory: 7940M
 Large Page Support: Disabled
 NUMA Support: Disabled
 Compressed Oops: Enabled (Zero based)
 Alignments: Space 512K, Generation 512K, Heap 2M
 Heap Min Capacity: 8M
 Heap Initial Capacity: 126M
 Heap Max Capacity: 6750M
 Pre-touch: Disabled
 Parallel Workers: 8
Heap:
 PSYoungGen      total 37888K, used 32768K [0x0000000733600000, 0x0000000736000000, 0x00000007c0000000)
  eden space 32768K, 100% used [0x0000000733600000,0x0000000735600000,0x0000000735600000)
  from space 5120K, 0% used [0x0000000735b00000,0x0000000735b00000,0x0000000736000000)
  to   space 5120K, 0% used [0x0000000735600000,0x0000000735600000,0x0000000735b00000)
 ParOldGen       total 86016K, used 22484K [0x000000061a200000, 0x000000061f600000, 0x0000000733600000)
  object space 86016K, 26% used [0x000000061a200000,0x000000061b7f5158,0x000000061f600000)
 Metaspace       used 35616K, committed 35968K, reserved 1114112K
  class space    used 4309K, committed 4480K, reserved 1048576K
GC Heap History (12 events):
Event: 1.447 GC heap before
{Heap before GC invocations=1 (full 0):
 PSYoungGen      total 37888K, used 32768K [0x0000000733600000, 0x0000000736000000, 0x00000007c0000000)
  eden space 32768K, 100% used [0x0000000733600000,0x0000000735600000,0x0000000735600000)
  from space 5120K, 0% used [0x0000000735b00000,0x0000000735b00000,0x0000000736000000)
  to   space 5120K, 0% used [0x0000000735600000,0x0000000735600000,0x0000000735b00000)
 ParOldGen       total 86016K, used 0K [0x000000061a200000, 0x000000061f600000, 0x0000000733600000)
  object space 86016K, 0% used [0x000000061a200000,0x000000061a200000,0x000000061f600000)
 Metaspace       used 13713K, committed 13952K, reserved 1114112K
  class space    used 1335K, committed 1472K, reserved 1048576K
}
Event: 1.466 GC heap after
{Heap after GC invocations=1 (full 0):
 PSYoungGen      total 37888K, used 5109K [0x0000000733600000, 0x0000000736000000, 0x00000007c0000000)
  eden space 32768K, 0% used [0x0000000733600000,0x0000000733600000,0x0000000735600000)
  from space 5120K, 99% used [0x0000000735600000,0x0000000735afd5d8,0x0000000735b00000)
  to   space 5120K, 0% used [0x0000000735b00000,0x0000000735b00000,0x0000000736000000)
 ParOldGen       total 86016K, used 2476K [0x000000061a200000, 0x000000061f600000, 0x0000000733600000)
  object space 86016K, 2% used [0x000000061a200000,0x000000061a46b3f8,0x000000061f600000)
 Metaspace       used 13713K, committed 13952K, reserved 1114112K
  class space    used 1335K, committed 1472K, reserved 1048576K
}
Event: 1.916 GC heap before
{Heap before GC invocations=2 (full 0):
 PSYoungGen      total 37888K, used 13864K [0x0000000733600000, 0x0000000736000000, 0x00000007c0000000)
  eden space 32768K, 26% used [0x0000000733600000,0x0000000733e8cba0,0x0000000735600000)
  from space 5120K, 99% used [0x0000000735600000,0x0000000735afd5d8,0x0000000735b00000)
  to   space 5120K, 0% used [0x0000000735b00000,0x0000000735b00000,0x0000000736000000)
 ParOldGen       total 86016K, used 2476K [0x000000061a200000, 0x000000061f600000, 0x0000000733600000)
  object space 86016K, 2% used [0x000000061a200000,0x000000061a46b3f8,0x000000061f600000)
 Metaspace       used 21335K, committed 21504K, reserved 1114112K
  class space    used 2338K, committed 2432K, reserved 1048576K
}
Event: 1.922 GC heap after
{Heap after GC invocations=2 (full 0):
 PSYoungGen      total 37888K, used 5105K [0x0000000733600000, 0x0000000736000000, 0x00000007c0000000)
  eden space 32768K, 0% used [0x0000000733600000,0x0000000733600000,0x0000000735600000)
  from space 5120K, 99% used [0x0000000735b00000,0x0000000735ffc7c0,0x0000000736000000)
  to   space 5120K, 0% used [0x0000000735600000,0x0000000735600000,0x0000000735b00000)
 ParOldGen       total 86016K, used 3971K [0x000000061a200000, 0x000000061f600000, 0x0000000733600000)
  object space 86016K, 4% used [0x000000061a200000,0x000000061a5e0cd0,0x000000061f600000)
 Metaspace       used 21335K, committed 21504K, reserved 1114112K
  class space    used 2338K, committed 2432K, reserved 1048576K
}
Event: 1.923 GC heap before
{Heap before GC invocations=3 (full 1):
 PSYoungGen      total 37888K, used 5105K [0x0000000733600000, 0x0000000736000000, 0x00000007c0000000)
  eden space 32768K, 0% used [0x0000000733600000,0x0000000733600000,0x0000000735600000)
  from space 5120K, 99% used [0x0000000735b00000,0x0000000735ffc7c0,0x0000000736000000)
  to   space 5120K, 0% used [0x0000000735600000,0x0000000735600000,0x0000000735b00000)
 ParOldGen       total 86016K, used 3971K [0x000000061a200000, 0x000000061f600000, 0x0000000733600000)
  object space 86016K, 4% used [0x000000061a200000,0x000000061a5e0cd0,0x000000061f600000)
 Metaspace       used 21335K, committed 21504K, reserved 1114112K
  class space    used 2338K, committed 2432K, reserved 1048576K
}
Event: 1.950 GC heap after
{Heap after GC invocations=3 (full 1):
 PSYoungGen      total 37888K, used 0K [0x0000000733600000, 0x0000000736000000, 0x00000007c0000000)
  eden space 32768K, 0% used [0x0000000733600000,0x0000000733600000,0x0000000735600000)
  from space 5120K, 0% used [0x0000000735b00000,0x0000000735b00000,0x0000000736000000)
  to   space 5120K, 0% used [0x0000000735600000,0x0000000735600000,0x0000000735b00000)
 ParOldGen       total 86016K, used 8914K [0x000000061a200000, 0x000000061f600000, 0x0000000733600000)
  object space 86016K, 10% used [0x000000061a200000,0x000000061aab48f8,0x000000061f600000)
 Metaspace       used 21335K, committed 21504K, reserved 1114112K
  class space    used 2338K, committed 2432K, reserved 1048576K
}
Event: 2.769 GC heap before
{Heap before GC invocations=4 (full 1):
 PSYoungGen      total 37888K, used 32768K [0x0000000733600000, 0x0000000736000000, 0x00000007c0000000)
  eden space 32768K, 100% used [0x0000000733600000,0x0000000735600000,0x0000000735600000)
  from space 5120K, 0% used [0x0000000735b00000,0x0000000735b00000,0x0000000736000000)
  to   space 5120K, 0% used [0x0000000735600000,0x0000000735600000,0x0000000735b00000)
 ParOldGen       total 86016K, used 8914K [0x000000061a200000, 0x000000061f600000, 0x0000000733600000)
  object space 86016K, 10% used [0x000000061a200000,0x000000061aab48f8,0x000000061f600000)
 Metaspace       used 24552K, committed 24896K, reserved 1114112K
  class space    used 2817K, committed 2944K, reserved 1048576K
}
Event: 2.772 GC heap after
{Heap after GC invocations=4 (full 1):
 PSYoungGen      total 37888K, used 4957K [0x0000000733600000, 0x0000000736000000, 0x00000007c0000000)
  eden space 32768K, 0% used [0x0000000733600000,0x0000000733600000,0x0000000735600000)
  from space 5120K, 96% used [0x0000000735600000,0x0000000735ad77e8,0x0000000735b00000)
  to   space 5120K, 0% used [0x0000000735b00000,0x0000000735b00000,0x0000000736000000)
 ParOldGen       total 86016K, used 8922K [0x000000061a200000, 0x000000061f600000, 0x0000000733600000)
  object space 86016K, 10% used [0x000000061a200000,0x000000061aab68f8,0x000000061f600000)
 Metaspace       used 24552K, committed 24896K, reserved 1114112K
  class space    used 2817K, committed 2944K, reserved 1048576K
}
Event: 3.526 GC heap before
{Heap before GC invocations=5 (full 1):
 PSYoungGen      total 37888K, used 33790K [0x0000000733600000, 0x0000000736000000, 0x00000007c0000000)
  eden space 32768K, 87% used [0x0000000733600000,0x00000007352281a0,0x0000000735600000)
  from space 5120K, 96% used [0x0000000735600000,0x0000000735ad77e8,0x0000000735b00000)
  to   space 5120K, 0% used [0x0000000735b00000,0x0000000735b00000,0x0000000736000000)
 ParOldGen       total 86016K, used 8922K [0x000000061a200000, 0x000000061f600000, 0x0000000733600000)
  object space 86016K, 10% used [0x000000061a200000,0x000000061aab68f8,0x000000061f600000)
 Metaspace       used 35510K, committed 35840K, reserved 1114112K
  class space    used 4316K, committed 4480K, reserved 1048576K
}
Event: 3.535 GC heap after
{Heap after GC invocations=5 (full 1):
 PSYoungGen      total 37888K, used 5113K [0x0000000733600000, 0x0000000736000000, 0x00000007c0000000)
  eden space 32768K, 0% used [0x0000000733600000,0x0000000733600000,0x0000000735600000)
  from space 5120K, 99% used [0x0000000735b00000,0x0000000735ffe6a0,0x0000000736000000)
  to   space 5120K, 0% used [0x0000000735600000,0x0000000735600000,0x0000000735b00000)
 ParOldGen       total 86016K, used 17552K [0x000000061a200000, 0x000000061f600000, 0x0000000733600000)
  object space 86016K, 20% used [0x000000061a200000,0x000000061b324008,0x000000061f600000)
 Metaspace       used 35510K, committed 35840K, reserved 1114112K
  class space    used 4316K, committed 4480K, reserved 1048576K
}
Event: 3.535 GC heap before
{Heap before GC invocations=6 (full 2):
 PSYoungGen      total 37888K, used 5113K [0x0000000733600000, 0x0000000736000000, 0x00000007c0000000)
  eden space 32768K, 0% used [0x0000000733600000,0x0000000733600000,0x0000000735600000)
  from space 5120K, 99% used [0x0000000735b00000,0x0000000735ffe6a0,0x0000000736000000)
  to   space 5120K, 0% used [0x0000000735600000,0x0000000735600000,0x0000000735b00000)
 ParOldGen       total 86016K, used 17552K [0x000000061a200000, 0x000000061f600000, 0x0000000733600000)
  object space 86016K, 20% used [0x000000061a200000,0x000000061b324008,0x000000061f600000)
 Metaspace       used 35510K, committed 35840K, reserved 1114112K
  class space    used 4316K, committed 4480K, reserved 1048576K
}
Event: 3.570 GC heap after
{Heap after GC invocations=6 (full 2):
 PSYoungGen      total 37888K, used 0K [0x0000000733600000, 0x0000000736000000, 0x00000007c0000000)
  eden space 32768K, 0% used [0x0000000733600000,0x0000000733600000,0x0000000735600000)
  from space 5120K, 0% used [0x0000000735b00000,0x0000000735b00000,0x0000000736000000)
  to   space 5120K, 0% used [0x0000000735600000,0x0000000735600000,0x0000000735b00000)
 ParOldGen       total 86016K, used 22484K [0x000000061a200000, 0x000000061f600000, 0x0000000733600000)
  object space 86016K, 26% used [0x000000061a200000,0x000000061b7f5158,0x000000061f600000)
 Metaspace       used 35431K, committed 35840K, reserved 1114112K
  class space    used 4294K, committed 4480K, reserved 1048576K
}

